0 info it worked if it ends with ok
1 verbose cli [ 'C:\\Program Files (x86)\\nodejs\\node.exe',
1 verbose cli   'C:\\Program Files (x86)\\nodejs\\node_modules\\npm\\bin\\npm-cli.js',
1 verbose cli   'install',
1 verbose cli   '--save',
1 verbose cli   'aassddffgg' ]
2 info using npm@1.4.9
3 info using node@v4.2.1
4 error Failed to parse json
4 error Unexpected token :
5 error File: C:\Users\mat\Desktop\github\aassddffgg\package.json
6 error Failed to parse package.json data.
6 error package.json must be actual JSON, not just JavaScript.
6 error
6 error This is not a bug in npm.
6 error Tell the package author to fix their package.json file. JSON.parse
7 error System Windows_NT 6.1.7601
8 error command "C:\\Program Files (x86)\\nodejs\\node.exe" "C:\\Program Files (x86)\\nodejs\\node_modules\\npm\\bin\\npm-cli.js" "install" "--save" "aassddffgg"
9 error cwd C:\Users\mat\Desktop\github\aassddffgg
10 error node -v v4.2.1
11 error npm -v 1.4.9
12 error file C:\Users\mat\Desktop\github\aassddffgg\package.json
13 error code EJSONPARSE
14 verbose exit [ 1, true ]
